<?xml version="1.0" encoding="UTF-8"?>
<!-- Generated by org.testng.reporters.JUnitXMLReporter -->
<testsuite ignored="6" hostname="MrB" failures="0" tests="8" name="Test" time="1.175" errors="0" timestamp="2021-03-11T00:21:14 EST">
  <testcase classname="healthCarePortal.PatientPortal" name="Patient_CancelAppt" time="0.01"/>
  <testcase classname="healthCarePortal.PatientPortal" name="Patient_Login" time="0.003"/>
  <testcase classname="healthCarePortal.PatientPortal" name="Patient_MakeAppt" time="0.003"/>
  <testcase classname="healthCarePortal.PatientPortal" name="Patient_MakeAppt" time="0.002"/>
  <testcase classname="healthCarePortal.PatientPortal" name="Patient_MakeAppt" time="0.002"/>
  <testcase classname="healthCarePortal.PatientPortal" name="Patient_ReadEmails" time="0.002"/>
  <testcase classname="healthCarePortal.PatientPortal" name="Patient_SendEmails" time="0.002"/>
  <testcase classname="healthCarePortal.PatientPortal" name="Patient_rescheduleAppt" time="0.002"/>
  <testcase classname="healthCarePortal.DoctorPortal" name="Doctor_Send" time="0.0">
    <ignored/>
  </testcase> <!-- Doctor_Send -->
  <testcase classname="healthCarePortal.DoctorPortal" name="Doctor_AddRX" time="0.0">
    <ignored/>
  </testcase> <!-- Doctor_AddRX -->
  <testcase classname="healthCarePortal.DoctorPortal" name="Doctor_Login" time="0.0">
    <ignored/>
  </testcase> <!-- Doctor_Login -->
  <testcase classname="healthCarePortal.DoctorPortal" name="Doctor_ReadEmails" time="0.0">
    <ignored/>
  </testcase> <!-- Doctor_ReadEmails -->
  <testcase classname="healthCarePortal.DoctorPortal" name="Doctor_UpdateRX" time="0.0">
    <ignored/>
  </testcase> <!-- Doctor_UpdateRX -->
  <testcase classname="healthCarePortal.DoctorPortal" name="Doctor_UploadTestResults" time="0.0">
    <ignored/>
  </testcase> <!-- Doctor_UploadTestResults -->
</testsuite> <!-- Test -->
