<?xml version="1.0" encoding="UTF-8"?>
<!-- Generated by org.testng.reporters.JUnitXMLReporter -->
<testsuite ignored="0" hostname="MrB" failures="0" tests="8" name="Test" time="0.893" errors="0" timestamp="2021-03-06T15:07:00 EST">
  <testcase classname="healthCarePortal.PatientPortal" name="Patient_CancelAppt" time="0.007"/>
  <testcase classname="healthCarePortal.PatientPortal" name="Patient_Login" time="0.001"/>
  <testcase classname="healthCarePortal.PatientPortal" name="Patient_MakeAppt" time="0.003"/>
  <testcase classname="healthCarePortal.PatientPortal" name="Patient_MakeAppt" time="0.001"/>
  <testcase classname="healthCarePortal.PatientPortal" name="Patient_MakeAppt" time="0.005"/>
  <testcase classname="healthCarePortal.PatientPortal" name="Patient_ReadEmails" time="0.001"/>
  <testcase classname="healthCarePortal.PatientPortal" name="Patient_SendEmails" time="0.003"/>
  <testcase classname="healthCarePortal.PatientPortal" name="Patient_rescheduleAppt" time="0.003"/>
</testsuite> <!-- Test -->
